{"C:\\Users\\cabre\\Courses\\React\\03-unit-testing\\src\\FirstStepsApp.tsx": {"path":"C:\\Users\\cabre\\Courses\\React\\03-unit-testing\\src\\FirstStepsApp.tsx","statementMap":{"0":{"start":{"line":8,"column":36},"end":{"line":12,"column":null}},"1":{"start":{"line":15,"column":2},"end":{"line":19,"column":39}},"2":{"start":{"line":18,"column":51},"end":{"line":19,"column":39}}},"fnMap":{"0":{"name":"FirstStepsApp","decl":{"start":{"line":14,"column":16},"end":{"line":14,"column":null}},"loc":{"start":{"line":14,"column":16},"end":{"line":29,"column":null}},"line":14},"1":{"name":"(anonymous_1)","decl":{"start":{"line":18,"column":25},"end":{"line":18,"column":26}},"loc":{"start":{"line":18,"column":51},"end":{"line":19,"column":39}},"line":18}},"branchMap":{},"s":{"0":1,"1":3,"2":9},"f":{"0":3,"1":9},"b":{},"meta":{"lastBranch":0,"lastFunction":2,"lastStatement":3,"seen":{"s:8:36:12:Infinity":0,"f:14:16:14:Infinity":0,"s:15:2:19:39":1,"f:18:25:18:26":1,"s:18:51:19:39":2}}}
,"C:\\Users\\cabre\\Courses\\React\\03-unit-testing\\src\\MyAwesomeApp.tsx": {"path":"C:\\Users\\cabre\\Courses\\React\\03-unit-testing\\src\\MyAwesomeApp.tsx","statementMap":{"0":{"start":{"line":3,"column":22},"end":{"line":3,"column":null}},"1":{"start":{"line":4,"column":21},"end":{"line":4,"column":null}},"2":{"start":{"line":6,"column":4},"end":{"line":10,"column":null}}},"fnMap":{"0":{"name":"MyAwesomeApp","decl":{"start":{"line":1,"column":16},"end":{"line":1,"column":null}},"loc":{"start":{"line":1,"column":16},"end":{"line":13,"column":null}},"line":1}},"branchMap":{},"s":{"0":2,"1":2,"2":2},"f":{"0":2},"b":{},"meta":{"lastBranch":0,"lastFunction":1,"lastStatement":3,"seen":{"f:1:16:1:Infinity":0,"s:3:22:3:Infinity":0,"s:4:21:4:Infinity":1,"s:6:4:10:Infinity":2}}}
,"C:\\Users\\cabre\\Courses\\React\\03-unit-testing\\src\\helpers\\math.helper.ts": {"path":"C:\\Users\\cabre\\Courses\\React\\03-unit-testing\\src\\helpers\\math.helper.ts","statementMap":{"0":{"start":{"line":1,"column":19},"end":{"line":5,"column":null}},"1":{"start":{"line":4,"column":4},"end":{"line":4,"column":null}},"2":{"start":{"line":7,"column":26},"end":{"line":9,"column":null}},"3":{"start":{"line":8,"column":4},"end":{"line":8,"column":null}},"4":{"start":{"line":11,"column":26},"end":{"line":13,"column":null}},"5":{"start":{"line":12,"column":4},"end":{"line":12,"column":null}},"6":{"start":{"line":16,"column":24},"end":{"line":18,"column":null}},"7":{"start":{"line":17,"column":4},"end":{"line":17,"column":null}}},"fnMap":{"0":{"name":"(anonymous_0)","decl":{"start":{"line":1,"column":19},"end":{"line":1,"column":20}},"loc":{"start":{"line":1,"column":31},"end":{"line":5,"column":null}},"line":1},"1":{"name":"(anonymous_1)","decl":{"start":{"line":7,"column":26},"end":{"line":7,"column":27}},"loc":{"start":{"line":7,"column":38},"end":{"line":9,"column":null}},"line":7},"2":{"name":"(anonymous_2)","decl":{"start":{"line":11,"column":26},"end":{"line":11,"column":27}},"loc":{"start":{"line":11,"column":38},"end":{"line":13,"column":null}},"line":11},"3":{"name":"(anonymous_3)","decl":{"start":{"line":16,"column":24},"end":{"line":16,"column":25}},"loc":{"start":{"line":16,"column":36},"end":{"line":18,"column":null}},"line":16}},"branchMap":{},"s":{"0":1,"1":2,"2":1,"3":2,"4":1,"5":4,"6":1,"7":1},"f":{"0":2,"1":2,"2":4,"3":1},"b":{},"meta":{"lastBranch":0,"lastFunction":4,"lastStatement":8,"seen":{"s:1:19:5:Infinity":0,"f:1:19:1:20":0,"s:4:4:4:Infinity":1,"s:7:26:9:Infinity":2,"f:7:26:7:27":1,"s:8:4:8:Infinity":3,"s:11:26:13:Infinity":4,"f:11:26:11:27":2,"s:12:4:12:Infinity":5,"s:16:24:18:Infinity":6,"f:16:24:16:25":3,"s:17:4:17:Infinity":7}}}
,"C:\\Users\\cabre\\Courses\\React\\03-unit-testing\\src\\shopping-cart\\ItemCounter.module.css": {"path":"C:\\Users\\cabre\\Courses\\React\\03-unit-testing\\src\\shopping-cart\\ItemCounter.module.css","statementMap":{},"fnMap":{},"branchMap":{},"s":{},"f":{},"b":{},"meta":{"lastBranch":0,"lastFunction":0,"lastStatement":0,"seen":{}}}
,"C:\\Users\\cabre\\Courses\\React\\03-unit-testing\\src\\shopping-cart\\ItemCounter.tsx": {"path":"C:\\Users\\cabre\\Courses\\React\\03-unit-testing\\src\\shopping-cart\\ItemCounter.tsx","statementMap":{"0":{"start":{"line":11,"column":27},"end":{"line":46,"column":null}},"1":{"start":{"line":12,"column":27},"end":{"line":12,"column":null}},"2":{"start":{"line":14,"column":22},"end":{"line":16,"column":null}},"3":{"start":{"line":15,"column":6},"end":{"line":15,"column":null}},"4":{"start":{"line":18,"column":27},"end":{"line":22,"column":null}},"5":{"start":{"line":19,"column":6},"end":{"line":19,"column":null}},"6":{"start":{"line":19,"column":23},"end":{"line":19,"column":null}},"7":{"start":{"line":21,"column":6},"end":{"line":21,"column":null}},"8":{"start":{"line":23,"column":2},"end":{"line":43,"column":null}}},"fnMap":{"0":{"name":"(anonymous_0)","decl":{"start":{"line":11,"column":27},"end":{"line":11,"column":28}},"loc":{"start":{"line":11,"column":57},"end":{"line":46,"column":null}},"line":11},"1":{"name":"(anonymous_1)","decl":{"start":{"line":14,"column":22},"end":{"line":14,"column":null}},"loc":{"start":{"line":14,"column":22},"end":{"line":16,"column":null}},"line":14},"2":{"name":"(anonymous_2)","decl":{"start":{"line":18,"column":27},"end":{"line":18,"column":null}},"loc":{"start":{"line":18,"column":27},"end":{"line":22,"column":null}},"line":18}},"branchMap":{"0":{"loc":{"start":{"line":11,"column":36},"end":{"line":11,"column":48}},"type":"default-arg","locations":[{"start":{"line":11,"column":47},"end":{"line":11,"column":48}}],"line":11},"1":{"loc":{"start":{"line":19,"column":6},"end":{"line":19,"column":null}},"type":"if","locations":[{"start":{"line":19,"column":6},"end":{"line":19,"column":null}},{"start":{},"end":{}}],"line":19},"2":{"loc":{"start":{"line":36,"column":17},"end":{"line":36,"column":null}},"type":"cond-expr","locations":[{"start":{"line":36,"column":31},"end":{"line":36,"column":39}},{"start":{"line":36,"column":39},"end":{"line":36,"column":null}}],"line":36}},"s":{"0":1,"1":7,"2":7,"3":0,"4":7,"5":2,"6":1,"7":1,"8":7},"f":{"0":7,"1":0,"2":2},"b":{"0":[7],"1":[1,1],"2":[2,5]},"meta":{"lastBranch":3,"lastFunction":3,"lastStatement":9,"seen":{"s:11:27:46:Infinity":0,"f:11:27:11:28":0,"b:11:47:11:48":0,"s:12:27:12:Infinity":1,"s:14:22:16:Infinity":2,"f:14:22:14:Infinity":1,"s:15:6:15:Infinity":3,"s:18:27:22:Infinity":4,"f:18:27:18:Infinity":2,"b:19:6:19:Infinity:undefined:undefined:undefined:undefined":1,"s:19:6:19:Infinity":5,"s:19:23:19:Infinity":6,"s:21:6:21:Infinity":7,"s:23:2:43:Infinity":8,"b:36:31:36:39:36:39:36:Infinity":2}}}
}
